This is pdfTeX, Version 3.1415926-2.5-1.40.14 (MiKTeX 2.9 64-bit) (preloaded format=pdflatex 2013.11.23)  25 NOV 2013 21:59
entering extended mode
**jamalzada2.tex
(C:\Users\Gebruiker\Desktop\jamalzada2.tex
LaTeX2e <2011/06/27>
Babel <v3.8m> and hyphenation patterns for english, afrikaans, ancientgreek, ar
abic, armenian, assamese, basque, bengali, bokmal, bulgarian, catalan, coptic, 
croatian, czech, danish, dutch, esperanto, estonian, farsi, finnish, french, ga
lician, german, german-x-2013-05-26, greek, gujarati, hindi, hungarian, iceland
ic, indonesian, interlingua, irish, italian, kannada, kurmanji, latin, latvian,
 lithuanian, malayalam, marathi, mongolian, mongolianlmc, monogreek, ngerman, n
german-x-2013-05-26, nynorsk, oriya, panjabi, pinyin, polish, portuguese, roman
ian, russian, sanskrit, serbian, slovak, slovenian, spanish, swedish, swissgerm
an, tamil, telugu, turkish, turkmen, ukenglish, ukrainian, uppersorbian, usengl
ishmax, welsh, loaded.
("C:\Program Files\MiKTeX 2.9\tex\latex\base\article.cls"
Document Class: article 2007/10/19 v1.4h Standard LaTeX document class
("C:\Program Files\MiKTeX 2.9\tex\latex\base\size10.clo"
File: size10.clo 2007/10/19 v1.4h Standard LaTeX file (size option)
)
\c@part=\count79
\c@section=\count80
\c@subsection=\count81
\c@subsubsection=\count82
\c@paragraph=\count83
\c@subparagraph=\count84
\c@figure=\count85
\c@table=\count86
\abovecaptionskip=\skip41
\belowcaptionskip=\skip42
\bibindent=\dimen102
)
("C:\Program Files\MiKTeX 2.9\tex\generic\babel\babel.sty"
Package: babel 2008/07/08 v3.8m The Babel package

*************************************
* Local config file bblopts.cfg used
*
("C:\Program Files\MiKTeX 2.9\tex\latex\00miktex\bblopts.cfg"
File: bblopts.cfg 2006/07/31 v1.0 MiKTeX 'babel' configuration
)
("C:\Program Files\MiKTeX 2.9\tex\generic\babel\english.ldf"
Language: english 2005/03/30 v3.3o English support from the babel system

("C:\Program Files\MiKTeX 2.9\tex\generic\babel\babel.def"
File: babel.def 2008/07/08 v3.8m Babel common definitions
\babel@savecnt=\count87
\U@D=\dimen103
)
\l@canadian = a dialect from \language\l@american 
\l@australian = a dialect from \language\l@british 
\l@newzealand = a dialect from \language\l@british 
)
("C:\Program Files\MiKTeX 2.9\tex\generic\babel\dutch.ldf"
Language: dutch 2005/03/30 v3.8i Dutch support from the babel system
Package babel Info: Making " an active character on input line 132.
))
("C:\Program Files\MiKTeX 2.9\tex\latex\listings\listings.sty"
("C:\Program Files\MiKTeX 2.9\tex\latex\graphics\keyval.sty"
Package: keyval 1999/03/16 v1.13 key=value parser (DPC)
\KV@toks@=\toks14
)
\lst@mode=\count88
\lst@gtempboxa=\box26
\lst@token=\toks15
\lst@length=\count89
\lst@currlwidth=\dimen104
\lst@column=\count90
\lst@pos=\count91
\lst@lostspace=\dimen105
\lst@width=\dimen106
\lst@newlines=\count92
\lst@lineno=\count93
\lst@maxwidth=\dimen107

("C:\Program Files\MiKTeX 2.9\tex\latex\listings\lstmisc.sty"
File: lstmisc.sty 2013/08/26 1.5b (Carsten Heinz)
\c@lstnumber=\count94
\lst@skipnumbers=\count95
\lst@framebox=\box27
)
("C:\Program Files\MiKTeX 2.9\tex\latex\listings\listings.cfg"
File: listings.cfg 2013/08/26 1.5b listings configuration
))
Package: listings 2013/08/26 1.5b (Carsten Heinz)

("C:\Program Files\MiKTeX 2.9\tex\latex\listings\lstlang1.sty"
File: lstlang1.sty 2013/08/26 1.5b listings language file
)
("C:\Program Files\MiKTeX 2.9\tex\latex\listings\lstlang1.sty"
File: lstlang1.sty 2013/08/26 1.5b listings language file
)
("C:\Program Files\MiKTeX 2.9\tex\latex\listings\lstmisc.sty"
File: lstmisc.sty 2013/08/26 1.5b (Carsten Heinz)
)
("C:\Program Files\MiKTeX 2.9\tex\latex\datetime\datetime.sty"
Package: datetime 2013/09/10 v2.59 Date Time Package

("C:\Program Files\MiKTeX 2.9\tex\latex\etoolbox\etoolbox.sty"
Package: etoolbox 2011/01/03 v2.1 e-TeX tools for LaTeX

("C:\Program Files\MiKTeX 2.9\tex\latex\misc\etex.sty"
Package: etex 1998/03/26 v2.0 eTeX basic definition package (PEB)
\et@xins=\count96
)
\etb@tempcnta=\count97
)
("C:\Program Files\MiKTeX 2.9\tex\latex\fmtcount\fmtcount.sty"
Package: fmtcount 2013/08/17 v2.03

("C:\Program Files\MiKTeX 2.9\tex\latex\base\ifthen.sty"
Package: ifthen 2001/05/26 v1.1c Standard LaTeX ifthen package (DPC)
)
("C:\Program Files\MiKTeX 2.9\tex\latex\fmtcount\fcprefix.sty"
Package: fcprefix 2012/09/28

("C:\Program Files\MiKTeX 2.9\tex\latex\fmtcount\fcnumparser.sty"
Package: fcnumparser 2012/09/28
\fc@digit@counter=\count98
))
("C:\Program Files\MiKTeX 2.9\tex\latex\amsmath\amsgen.sty"
File: amsgen.sty 1999/11/30 v2.0
\@emptytoks=\toks16
\ex@=\dimen108
)
\c@padzeroesN=\count99
\fc@tmpcatcode=\count100

("C:\Program Files\MiKTeX 2.9\tex\latex\fmtcount\fc-english.def"
File: fc-english.def 2013/08/17
)
\@DT@modctr=\count101
\@ordinalctr=\count102
\@orgargctr=\count103
\@strctr=\count104
\@tmpstrctr=\count105
\@DT@loopN=\count106
\@DT@X=\count107
)
("C:\Program Files\MiKTeX 2.9\tex\latex\datetime\datetime-defaults.sty"
Package: datetime-defaults 2013/09/10
)
\@day=\count108
\@month=\count109
\@year=\count110
\c@HOUR=\count111
\c@HOURXII=\count112
\c@MINUTE=\count113
\c@TOHOUR=\count114
\c@TOMINUTE=\count115
\c@SECOND=\count116
\currenthour=\count117
\currentminute=\count118
\currentsecond=\count119
Package datetime Info: No datetime.cfg file found, using default settings on in
put line 308.
\@dtctr=\count120
\dayofyear=\count121
\dayofweek=\count122
LaTeX Info: Redefining \today on input line 736.

("C:\Program Files\MiKTeX 2.9\tex\latex\datetime\dt-dutch.def"
File: dt-dutch.def 2013/09/10
LaTeX Info: Redefining \datedutch on input line 64.
)
\dt@a=\toks17
\dt@b=\toks18
)
(C:\Users\Gebruiker\Desktop\jamalzada2.aux)
LaTeX Font Info:    Checking defaults for OML/cmm/m/it on input line 40.
LaTeX Font Info:    ... okay on input line 40.
LaTeX Font Info:    Checking defaults for T1/cmr/m/n on input line 40.
LaTeX Font Info:    ... okay on input line 40.
LaTeX Font Info:    Checking defaults for OT1/cmr/m/n on input line 40.
LaTeX Font Info:    ... okay on input line 40.
LaTeX Font Info:    Checking defaults for OMS/cmsy/m/n on input line 40.
LaTeX Font Info:    ... okay on input line 40.
LaTeX Font Info:    Checking defaults for OMX/cmex/m/n on input line 40.
LaTeX Font Info:    ... okay on input line 40.
LaTeX Font Info:    Checking defaults for U/cmr/m/n on input line 40.
LaTeX Font Info:    ... okay on input line 40.
\c@lstlisting=\count123
LaTeX Font Info:    External font `cmex10' loaded for size
(Font)              <12> on input line 44.
LaTeX Font Info:    External font `cmex10' loaded for size
(Font)              <8> on input line 44.
LaTeX Font Info:    External font `cmex10' loaded for size
(Font)              <6> on input line 44.
LaTeX Font Info:    External font `cmex10' loaded for size
(Font)              <7> on input line 50.
LaTeX Font Info:    External font `cmex10' loaded for size
(Font)              <5> on input line 50.

(C:\Users\Gebruiker\Desktop\Jamalzada2.cc [1

{C:/ProgramData/MiKTeX/2.9/pdftex/config/pdftex.map}]
LaTeX Font Info:    Try loading font information for OML+cmr on input line 9.
 ("C:\Program Files\MiKTeX 2.9\tex\latex\base\omlcmr.fd"
File: omlcmr.fd 1999/05/25 v2.5h Standard LaTeX font definitions
)
LaTeX Font Info:    Font shape `OML/cmr/m/n' in size <9> not available
(Font)              Font shape `OML/cmm/m/it' tried instead on input line 9.
LaTeX Font Info:    Try loading font information for OMS+cmr on input line 17.

("C:\Program Files\MiKTeX 2.9\tex\latex\base\omscmr.fd"
File: omscmr.fd 1999/05/25 v2.5h Standard LaTeX font definitions
)
LaTeX Font Info:    Font shape `OMS/cmr/m/n' in size <9> not available
(Font)              Font shape `OMS/cmsy/m/n' tried instead on input line 17.
LaTeX Font Info:    Font shape `OMS/cmr/m/it' in size <9> not available
(Font)              Font shape `OMS/cmsy/m/n' tried instead on input line 33.
 [2]
LaTeX Font Info:    External font `cmex10' loaded for size
(Font)              <9> on input line 103.
 [3] [4]) [5]
(C:\Users\Gebruiker\Desktop\jamalzada2.aux) ) 
Here is how much of TeX's memory you used:
 3132 strings out of 493921
 42595 string characters out of 3147269
 148050 words of memory out of 3000000
 6391 multiletter control sequences out of 15000+200000
 9180 words of font info for 33 fonts, out of 3000000 for 9000
 841 hyphenation exceptions out of 8191
 35i,6n,58p,1047b,1551s stack positions out of 5000i,500n,10000p,200000b,50000s
<C:/Program Files/MiKTeX 2.9/fonts
/type1/public/amsfonts/cm/cmbx12.pfb><C:/Program Files/MiKTeX 2.9/fonts/type1/p
ublic/amsfonts/cm/cmbx9.pfb><C:/Program Files/MiKTeX 2.9/fonts/type1/public/ams
fonts/cm/cmmi9.pfb><C:/Program Files/MiKTeX 2.9/fonts/type1/public/amsfonts/cm/
cmr10.pfb><C:/Program Files/MiKTeX 2.9/fonts/type1/public/amsfonts/cm/cmr12.pfb
><C:/Program Files/MiKTeX 2.9/fonts/type1/public/amsfonts/cm/cmr17.pfb><C:/Prog
ram Files/MiKTeX 2.9/fonts/type1/public/amsfonts/cm/cmr5.pfb><C:/Program Files/
MiKTeX 2.9/fonts/type1/public/amsfonts/cm/cmr9.pfb><C:/Program Files/MiKTeX 2.9
/fonts/type1/public/amsfonts/cm/cmsy9.pfb><C:/Program Files/MiKTeX 2.9/fonts/ty
pe1/public/amsfonts/cm/cmti9.pfb><C:/Program Files/MiKTeX 2.9/fonts/type1/publi
c/amsfonts/cm/cmtt10.pfb><C:/Program Files/MiKTeX 2.9/fonts/type1/public/amsfon
ts/cm/cmtt9.pfb>
Output written on jamalzada2.pdf (5 pages, 159085 bytes).
PDF statistics:
 66 PDF objects out of 1000 (max. 8388607)
 0 named destinations out of 1000 (max. 500000)
 1 words of extra memory for PDF output out of 10000 (max. 10000000)

